* installing *source* package ‘datastructures’ ...
** using staged installation
** libs
g++ -std=gnu++11 -I"/opt/R/R-4.0.2/lib/R/include" -DNDEBUG -I../inst/include/ -I'/home/simon/R/x86_64-pc-linux-gnu-library/4.0/Rcpp/include' -I'/home/simon/R/x86_64-pc-linux-gnu-library/4.0/BH/include' -I/usr/local/include   -fpic  -g -O2  -c bimap_module.cpp -o bimap_module.o
In file included from /home/simon/R/x86_64-pc-linux-gnu-library/4.0/BH/include/boost/bind/mem_fn.hpp:25,
                 from /home/simon/R/x86_64-pc-linux-gnu-library/4.0/BH/include/boost/mem_fn.hpp:22,
                 from /home/simon/R/x86_64-pc-linux-gnu-library/4.0/BH/include/boost/bind/bind.hpp:26,
                 from /home/simon/R/x86_64-pc-linux-gnu-library/4.0/BH/include/boost/bind.hpp:22,
                 from /home/simon/R/x86_64-pc-linux-gnu-library/4.0/BH/include/boost/multi_index/detail/ord_index_impl.hpp:80,
                 from /home/simon/R/x86_64-pc-linux-gnu-library/4.0/BH/include/boost/multi_index/ordered_index.hpp:17,
                 from /home/simon/R/x86_64-pc-linux-gnu-library/4.0/BH/include/boost/bimap/set_of.hpp:37,
                 from /home/simon/R/x86_64-pc-linux-gnu-library/4.0/BH/include/boost/bimap/detail/manage_bimap_key.hpp:26,
                 from /home/simon/R/x86_64-pc-linux-gnu-library/4.0/BH/include/boost/bimap/detail/bimap_core.hpp:43,
                 from /home/simon/R/x86_64-pc-linux-gnu-library/4.0/BH/include/boost/bimap/bimap.hpp:61,
                 from /home/simon/R/x86_64-pc-linux-gnu-library/4.0/BH/include/boost/bimap.hpp:13,
                 from ../inst/include/bimap.hpp:30,
                 from bimap_module.cpp:24:
/home/simon/R/x86_64-pc-linux-gnu-library/4.0/BH/include/boost/get_pointer.hpp:48:40: warning: ‘template<class> class std::auto_ptr’ is deprecated [-Wdeprecated-declarations]
   48 | template<class T> T * get_pointer(std::auto_ptr<T> const& p)
      |                                        ^~~~~~~~
In file included from /usr/include/c++/9/bits/locale_conv.h:41,
                 from /usr/include/c++/9/locale:43,
                 from /usr/include/c++/9/iomanip:43,
                 from /home/simon/R/x86_64-pc-linux-gnu-library/4.0/Rcpp/include/RcppCommon.h:52,
                 from /home/simon/R/x86_64-pc-linux-gnu-library/4.0/Rcpp/include/Rcpp.h:27,
                 from bimap_module.cpp:23:
/usr/include/c++/9/bits/unique_ptr.h:53:28: note: declared here
   53 |   template<typename> class auto_ptr;
      |                            ^~~~~~~~
g++ -std=gnu++11 -I"/opt/R/R-4.0.2/lib/R/include" -DNDEBUG -I../inst/include/ -I'/home/simon/R/x86_64-pc-linux-gnu-library/4.0/Rcpp/include' -I'/home/simon/R/x86_64-pc-linux-gnu-library/4.0/BH/include' -I/usr/local/include   -fpic  -g -O2  -c binomial_heap_module.cpp -o binomial_heap_module.o
g++ -std=gnu++11 -I"/opt/R/R-4.0.2/lib/R/include" -DNDEBUG -I../inst/include/ -I'/home/simon/R/x86_64-pc-linux-gnu-library/4.0/Rcpp/include' -I'/home/simon/R/x86_64-pc-linux-gnu-library/4.0/BH/include' -I/usr/local/include   -fpic  -g -O2  -c fibonacci_heap_module.cpp -o fibonacci_heap_module.o
g++ -std=gnu++11 -I"/opt/R/R-4.0.2/lib/R/include" -DNDEBUG -I../inst/include/ -I'/home/simon/R/x86_64-pc-linux-gnu-library/4.0/Rcpp/include' -I'/home/simon/R/x86_64-pc-linux-gnu-library/4.0/BH/include' -I/usr/local/include   -fpic  -g -O2  -c hashmap_module.cpp -o hashmap_module.o
gcc -I"/opt/R/R-4.0.2/lib/R/include" -DNDEBUG -I../inst/include/ -I'/home/simon/R/x86_64-pc-linux-gnu-library/4.0/Rcpp/include' -I'/home/simon/R/x86_64-pc-linux-gnu-library/4.0/BH/include' -I/usr/local/include   -fpic  -g -O2  -c init.c -o init.o
g++ -std=gnu++11 -I"/opt/R/R-4.0.2/lib/R/include" -DNDEBUG -I../inst/include/ -I'/home/simon/R/x86_64-pc-linux-gnu-library/4.0/Rcpp/include' -I'/home/simon/R/x86_64-pc-linux-gnu-library/4.0/BH/include' -I/usr/local/include   -fpic  -g -O2  -c multimap_module.cpp -o multimap_module.o
g++ -std=gnu++11 -I"/opt/R/R-4.0.2/lib/R/include" -DNDEBUG -I../inst/include/ -I'/home/simon/R/x86_64-pc-linux-gnu-library/4.0/Rcpp/include' -I'/home/simon/R/x86_64-pc-linux-gnu-library/4.0/BH/include' -I/usr/local/include   -fpic  -g -O2  -c queue_module.cpp -o queue_module.o
g++ -std=gnu++11 -I"/opt/R/R-4.0.2/lib/R/include" -DNDEBUG -I../inst/include/ -I'/home/simon/R/x86_64-pc-linux-gnu-library/4.0/Rcpp/include' -I'/home/simon/R/x86_64-pc-linux-gnu-library/4.0/BH/include' -I/usr/local/include   -fpic  -g -O2  -c stack_module.cpp -o stack_module.o
g++ -std=gnu++11 -shared -L/opt/R/R-4.0.2/lib/R/lib -L/usr/local/lib -o datastructures.so bimap_module.o binomial_heap_module.o fibonacci_heap_module.o hashmap_module.o init.o multimap_module.o queue_module.o stack_module.o -L/opt/R/R-4.0.2/lib/R/lib -lR
installing to /home/simon/PROJECTS/datastructures/check/datastructures.Rcheck/00LOCK-datastructures/00new/datastructures/libs
** R
** inst
** byte-compile and prepare package for lazy loading
** help
*** installing help indices
** building package indices
** installing vignettes
** testing if installed package can be loaded from temporary location
** checking absolute paths in shared objects and dynamic libraries
** testing if installed package can be loaded from final location
** testing if installed package keeps a record of temporary installation path
* DONE (datastructures)
